#
# There is insufficient memory for the Java Runtime Environment to continue.
# Native memory allocation (mmap) failed to map 108003328 bytes for committing reserved memory.
# Possible reasons:
#   The system is out of physical RAM or swap space
#   In 32 bit mode, the process size limit was hit
# Possible solutions:
#   Reduce memory load on the system
#   Increase physical memory or swap space
#   Check if swap backing store is full
#   Use 64 bit Java on a 64 bit OS
#   Decrease Java heap size (-Xmx/-Xms)
#   Decrease number of Java threads
#   Decrease Java thread stack sizes (-Xss)
#   Set larger code cache with -XX:ReservedCodeCacheSize=
# This output file may be truncated or incomplete.
#
#  Out of Memory Error (os_linux.cpp:2630), pid=6241, tid=0x00007f8108fff700
#
# JRE version: OpenJDK Runtime Environment (8.0_111-b14) (build 1.8.0_111-8u111-b14-2ubuntu0.16.04.2-b14)
# Java VM: OpenJDK 64-Bit Server VM (25.111-b14 mixed mode linux-amd64 compressed oops)
# Failed to write core dump. Core dumps have been disabled. To enable core dumping, try "ulimit -c unlimited" before starting Java again
#

---------------  T H R E A D  ---------------

Current thread (0x00007f811c073000):  VMThread [stack: 0x00007f8108eff000,0x00007f8109000000] [id=6248]

Stack: [0x00007f8108eff000,0x00007f8109000000],  sp=0x00007f8108ffe480,  free space=1021k
Native frames: (J=compiled Java code, j=interpreted, Vv=VM code, C=native code)
V  [libjvm.so+0xa64d2b]
V  [libjvm.so+0x4c2dac]
V  [libjvm.so+0x8b3ba0]
V  [libjvm.so+0x8ae01e]
V  [libjvm.so+0x9288f6]
V  [libjvm.so+0x917f5a]
V  [libjvm.so+0x918163]
V  [libjvm.so+0x918ac8]
V  [libjvm.so+0x91ed8e]
V  [libjvm.so+0x92675d]
V  [libjvm.so+0x8d8433]
V  [libjvm.so+0xa669e2]
V  [libjvm.so+0xa6bab7]
V  [libjvm.so+0xa69287]
V  [libjvm.so+0xa6a70f]
V  [libjvm.so+0xa6ac01]
V  [libjvm.so+0x8b1082]

VM_Operation (0x00007f8125b2b670): ParallelGCFailedAllocation, mode: safepoint, requested by thread 0x00007f811c00a000


---------------  P R O C E S S  ---------------

Java Threads: ( => current thread )
  0x00007f811c0b4000 JavaThread "Service Thread" daemon [_thread_blocked, id=6254, stack(0x00007f80ebeff000,0x00007f80ec000000)]
  0x00007f811c0ab800 JavaThread "C1 CompilerThread1" daemon [_thread_blocked, id=6253, stack(0x00007f810803b000,0x00007f810813c000)]
  0x00007f811c0a9000 JavaThread "C2 CompilerThread0" daemon [_thread_blocked, id=6252, stack(0x00007f810813c000,0x00007f810823d000)]
  0x00007f811c0a6800 JavaThread "Signal Dispatcher" daemon [_thread_blocked, id=6251, stack(0x00007f810823d000,0x00007f810833e000)]
  0x00007f811c07f800 JavaThread "Finalizer" daemon [_thread_blocked, id=6250, stack(0x00007f8108cfd000,0x00007f8108dfe000)]
  0x00007f811c07a800 JavaThread "Reference Handler" daemon [_thread_blocked, id=6249, stack(0x00007f8108dfe000,0x00007f8108eff000)]
  0x00007f811c00a000 JavaThread "main" [_thread_blocked, id=6243, stack(0x00007f8125a2f000,0x00007f8125b30000)]

Other Threads:
=>0x00007f811c073000 VMThread [stack: 0x00007f8108eff000,0x00007f8109000000] [id=6248]
  0x00007f811c0b5800 WatcherThread [stack: 0x00007f80ebdfe000,0x00007f80ebeff000] [id=6255]

VM state:at safepoint (normal execution)

VM Mutex/Monitor currently owned by a thread:  ([mutex/lock_event])
[0x00007f811c005a10] ExpandHeap_lock - owner thread: 0x00007f811c073000
[0x00007f811c006090] Threads_lock - owner thread: 0x00007f811c073000
[0x00007f811c006590] Heap_lock - owner thread: 0x00007f811c00a000

Heap:
 PSYoungGen      total 532992K, used 2776K [0x00000000d5580000, 0x00000000f7580000, 0x0000000100000000)
  eden space 511488K, 0% used [0x00000000d5580000,0x00000000d5580000,0x00000000f4900000)
  from space 21504K, 12% used [0x00000000f5f00000,0x00000000f61b6310,0x00000000f7400000)
  to   space 22528K, 0% used [0x00000000f4900000,0x00000000f4900000,0x00000000f5f00000)
 ParOldGen       total 342016K, used 341908K [0x0000000080000000, 0x0000000094e00000, 0x00000000d5580000)
  object space 342016K, 99% used [0x0000000080000000,0x0000000094de53e8,0x0000000094e00000)
 Metaspace       used 3142K, capacity 4652K, committed 4864K, reserved 1056768K
  class space    used 323K, capacity 424K, committed 512K, reserved 1048576K

Card table byte_map: [0x00007f8121ce8000,0x00007f81220e9000] byte_map_base: 0x00007f81218e8000

Marking Bits: (ParMarkBitMap*) 0x00007f8124cf8220
 Begin Bits: [0x00007f8109000000, 0x00007f810b000000)
 End Bits:   [0x00007f810b000000, 0x00007f810d000000)

Polling page: 0x00007f8125b4a000

CodeCache: size=245760Kb used=2235Kb max_used=2250Kb free=243524Kb
 bounds [0x00007f810d000000, 0x00007f810d270000, 0x00007f811c000000]
 total_blobs=572 nmethods=332 adapters=155
 compilation: enabled

Compilation events (10 events):
Event: 5.750 Thread 0x00007f811c0ab800  335       3       java.lang.String::<init> (10 bytes)
Event: 5.751 Thread 0x00007f811c0ab800 nmethod 335 0x00007f810d1cc990 code [0x00007f810d1ccb00, 0x00007f810d1ccca8]
Event: 6.190 Thread 0x00007f811c0a9000  336       4       java.lang.String::<init> (10 bytes)
Event: 6.205 Thread 0x00007f811c0a9000 nmethod 336 0x00007f810d1deb50 code [0x00007f810d1ded00, 0x00007f810d1df2a8]
Event: 6.599 Thread 0x00007f811c0ab800  337 %     3       searchclient.SearchClient::Search @ 755 (1542 bytes)
Event: 6.769 Thread 0x00007f811c0ab800 nmethod 337% 0x00007f810d1dfc10 code [0x00007f810d1e16e0, 0x00007f810d1f59f8]
Event: 6.832 Thread 0x00007f811c0ab800  338       3       searchclient.SearchClient::Search (1542 bytes)
Event: 7.049 Thread 0x00007f811c0ab800 nmethod 338 0x00007f810d207510 code [0x00007f810d2091e0, 0x00007f810d21f238]
Event: 9.805 Thread 0x00007f811c0a9000  339 %     4       searchclient.SearchClient::Search @ 755 (1542 bytes)
Event: 9.899 Thread 0x00007f811c0a9000 nmethod 339% 0x00007f810d234850 code [0x00007f810d234aa0, 0x00007f810d235b08]

GC Heap History (10 events):
Event: 1469.147 GC heap after
Heap after GC invocations=85 (full 5):
 PSYoungGen      total 400384K, used 13344K [0x00000000d5580000, 0x00000000eef00000, 0x0000000100000000)
  eden space 383488K, 0% used [0x00000000d5580000,0x00000000d5580000,0x00000000ecc00000)
  from space 16896K, 78% used [0x00000000edd00000,0x00000000eea08000,0x00000000eed80000)
  to   space 17408K, 0% used [0x00000000ecc00000,0x00000000ecc00000,0x00000000edd00000)
 ParOldGen       total 342016K, used 265706K [0x0000000080000000, 0x0000000094e00000, 0x00000000d5580000)
  object space 342016K, 77% used [0x0000000080000000,0x000000009037a8f8,0x0000000094e00000)
 Metaspace       used 3142K, capacity 4652K, committed 4864K, reserved 1056768K
  class space    used 323K, capacity 424K, committed 512K, reserved 1048576K
}
Event: 1549.729 GC heap before
{Heap before GC invocations=86 (full 5):
 PSYoungGen      total 400384K, used 396832K [0x00000000d5580000, 0x00000000eef00000, 0x0000000100000000)
  eden space 383488K, 100% used [0x00000000d5580000,0x00000000ecc00000,0x00000000ecc00000)
  from space 16896K, 78% used [0x00000000edd00000,0x00000000eea08000,0x00000000eed80000)
  to   space 17408K, 0% used [0x00000000ecc00000,0x00000000ecc00000,0x00000000edd00000)
 ParOldGen       total 342016K, used 265706K [0x0000000080000000, 0x0000000094e00000, 0x00000000d5580000)
  object space 342016K, 77% used [0x0000000080000000,0x000000009037a8f8,0x0000000094e00000)
 Metaspace       used 3142K, capacity 4652K, committed 4864K, reserved 1056768K
  class space    used 323K, capacity 424K, committed 512K, reserved 1048576K
Event: 1570.190 GC heap after
Heap after GC invocations=86 (full 5):
 PSYoungGen      total 400896K, used 15328K [0x00000000d5580000, 0x00000000f2b00000, 0x0000000100000000)
  eden space 383488K, 0% used [0x00000000d5580000,0x00000000d5580000,0x00000000ecc00000)
  from space 17408K, 88% used [0x00000000ecc00000,0x00000000edaf8000,0x00000000edd00000)
  to   space 18944K, 0% used [0x00000000f1880000,0x00000000f1880000,0x00000000f2b00000)
 ParOldGen       total 342016K, used 279058K [0x0000000080000000, 0x0000000094e00000, 0x00000000d5580000)
  object space 342016K, 81% used [0x0000000080000000,0x00000000910848f8,0x0000000094e00000)
 Metaspace       used 3142K, capacity 4652K, committed 4864K, reserved 1056768K
  class space    used 323K, capacity 424K, committed 512K, reserved 1048576K
}
Event: 1707.493 GC heap before
{Heap before GC invocations=87 (full 5):
 PSYoungGen      total 400896K, used 398816K [0x00000000d5580000, 0x00000000f2b00000, 0x0000000100000000)
  eden space 383488K, 100% used [0x00000000d5580000,0x00000000ecc00000,0x00000000ecc00000)
  from space 17408K, 88% used [0x00000000ecc00000,0x00000000edaf8000,0x00000000edd00000)
  to   space 18944K, 0% used [0x00000000f1880000,0x00000000f1880000,0x00000000f2b00000)
 ParOldGen       total 342016K, used 279058K [0x0000000080000000, 0x0000000094e00000, 0x00000000d5580000)
  object space 342016K, 81% used [0x0000000080000000,0x00000000910848f8,0x0000000094e00000)
 Metaspace       used 3142K, capacity 4652K, committed 4864K, reserved 1056768K
  class space    used 323K, capacity 424K, committed 512K, reserved 1048576K
Event: 1725.812 GC heap after
Heap after GC invocations=87 (full 5):
 PSYoungGen      total 460800K, used 15328K [0x00000000d5580000, 0x00000000f2c80000, 0x0000000100000000)
  eden space 441856K, 0% used [0x00000000d5580000,0x00000000d5580000,0x00000000f0500000)
  from space 18944K, 80% used [0x00000000f1880000,0x00000000f2778000,0x00000000f2b00000)
  to   space 19968K, 0% used [0x00000000f0500000,0x00000000f0500000,0x00000000f1880000)
 ParOldGen       total 342016K, used 294418K [0x0000000080000000, 0x0000000094e00000, 0x00000000d5580000)
  object space 342016K, 86% used [0x0000000080000000,0x0000000091f848f8,0x0000000094e00000)
 Metaspace       used 3142K, capacity 4652K, committed 4864K, reserved 1056768K
  class space    used 323K, capacity 424K, committed 512K, reserved 1048576K
}
Event: 1827.898 GC heap before
{Heap before GC invocations=88 (full 5):
 PSYoungGen      total 460800K, used 457184K [0x00000000d5580000, 0x00000000f2c80000, 0x0000000100000000)
  eden space 441856K, 100% used [0x00000000d5580000,0x00000000f0500000,0x00000000f0500000)
  from space 18944K, 80% used [0x00000000f1880000,0x00000000f2778000,0x00000000f2b00000)
  to   space 19968K, 0% used [0x00000000f0500000,0x00000000f0500000,0x00000000f1880000)
 ParOldGen       total 342016K, used 294418K [0x0000000080000000, 0x0000000094e00000, 0x00000000d5580000)
  object space 342016K, 86% used [0x0000000080000000,0x0000000091f848f8,0x0000000094e00000)
 Metaspace       used 3142K, capacity 4652K, committed 4864K, reserved 1056768K
  class space    used 323K, capacity 424K, committed 512K, reserved 1048576K
Event: 1866.234 GC heap after
Heap after GC invocations=88 (full 5):
 PSYoungGen      total 461824K, used 17664K [0x00000000d5580000, 0x00000000f7400000, 0x0000000100000000)
  eden space 441856K, 0% used [0x00000000d5580000,0x00000000d5580000,0x00000000f0500000)
  from space 19968K, 88% used [0x00000000f0500000,0x00000000f1640000,0x00000000f1880000)
  to   space 21504K, 0% used [0x00000000f5f00000,0x00000000f5f00000,0x00000000f7400000)
 ParOldGen       total 342016K, used 309778K [0x0000000080000000, 0x0000000094e00000, 0x00000000d5580000)
  object space 342016K, 90% used [0x0000000080000000,0x0000000092e848f8,0x0000000094e00000)
 Metaspace       used 3142K, capacity 4652K, committed 4864K, reserved 1056768K
  class space    used 323K, capacity 424K, committed 512K, reserved 1048576K
}
Event: 1977.551 GC heap before
{Heap before GC invocations=89 (full 5):
 PSYoungGen      total 461824K, used 459520K [0x00000000d5580000, 0x00000000f7400000, 0x0000000100000000)
  eden space 441856K, 100% used [0x00000000d5580000,0x00000000f0500000,0x00000000f0500000)
  from space 19968K, 88% used [0x00000000f0500000,0x00000000f1640000,0x00000000f1880000)
  to   space 21504K, 0% used [0x00000000f5f00000,0x00000000f5f00000,0x00000000f7400000)
 ParOldGen       total 342016K, used 309778K [0x0000000080000000, 0x0000000094e00000, 0x00000000d5580000)
  object space 342016K, 90% used [0x0000000080000000,0x0000000092e848f8,0x0000000094e00000)
 Metaspace       used 3142K, capacity 4652K, committed 4864K, reserved 1056768K
  class space    used 323K, capacity 424K, committed 512K, reserved 1048576K
Event: 2001.359 GC heap after
Heap after GC invocations=89 (full 5):
 PSYoungGen      total 532992K, used 17632K [0x00000000d5580000, 0x00000000f7580000, 0x0000000100000000)
  eden space 511488K, 0% used [0x00000000d5580000,0x00000000d5580000,0x00000000f4900000)
  from space 21504K, 81% used [0x00000000f5f00000,0x00000000f7038000,0x00000000f7400000)
  to   space 22528K, 0% used [0x00000000f4900000,0x00000000f4900000,0x00000000f5f00000)
 ParOldGen       total 342016K, used 327474K [0x0000000080000000, 0x0000000094e00000, 0x00000000d5580000)
  object space 342016K, 95% used [0x0000000080000000,0x0000000093fcc8f8,0x0000000094e00000)
 Metaspace       used 3142K, capacity 4652K, committed 4864K, reserved 1056768K
  class space    used 323K, capacity 424K, committed 512K, reserved 1048576K
}
Event: 2001.362 GC heap before
{Heap before GC invocations=90 (full 6):
 PSYoungGen      total 532992K, used 17632K [0x00000000d5580000, 0x00000000f7580000, 0x0000000100000000)
  eden space 511488K, 0% used [0x00000000d5580000,0x00000000d5580000,0x00000000f4900000)
  from space 21504K, 81% used [0x00000000f5f00000,0x00000000f7038000,0x00000000f7400000)
  to   space 22528K, 0% used [0x00000000f4900000,0x00000000f4900000,0x00000000f5f00000)
 ParOldGen       total 342016K, used 327474K [0x0000000080000000, 0x0000000094e00000, 0x00000000d5580000)
  object space 342016K, 95% used [0x0000000080000000,0x0000000093fcc8f8,0x0000000094e00000)
 Metaspace       used 3142K, capacity 4652K, committed 4864K, reserved 1056768K
  class space    used 323K, capacity 424K, committed 512K, reserved 1048576K

Deoptimization events (2 events):
Event: 3.313 Thread 0x00007f811c00a000 Uncommon trap: reason=unstable_if action=reinterpret pc=0x00007f810d1ad0d4 method=java.io.BufferedOutputStream.write([BII)V @ 35
Event: 5.746 Thread 0x00007f811c00a000 Uncommon trap: reason=unstable_if action=reinterpret pc=0x00007f810d1db00c method=java.lang.ref.SoftReference.get()Ljava/lang/Object; @ 17

Internal exceptions (10 events):
Event: 1977.534 Thread 0x00007f811c00a000 Exception <a 'java/io/IOException'> (0x00000000f04fe2c8) thrown at [/build/openjdk-8-8jAw7G/openjdk-8-8u111-b14/src/hotspot/src/share/vm/prims/jni.cpp, line 709]
Event: 1977.534 Thread 0x00007f811c00a000 Exception <a 'java/io/IOException'> (0x00000000f04fe530) thrown at [/build/openjdk-8-8jAw7G/openjdk-8-8u111-b14/src/hotspot/src/share/vm/prims/jni.cpp, line 709]
Event: 1977.534 Thread 0x00007f811c00a000 Exception <a 'java/io/IOException'> (0x00000000f04fe8d0) thrown at [/build/openjdk-8-8jAw7G/openjdk-8-8u111-b14/src/hotspot/src/share/vm/prims/jni.cpp, line 709]
Event: 1977.534 Thread 0x00007f811c00a000 Exception <a 'java/io/IOException'> (0x00000000f04feb68) thrown at [/build/openjdk-8-8jAw7G/openjdk-8-8u111-b14/src/hotspot/src/share/vm/prims/jni.cpp, line 709]
Event: 1977.536 Thread 0x00007f811c00a000 Exception <a 'java/io/IOException'> (0x00000000f04fedd0) thrown at [/build/openjdk-8-8jAw7G/openjdk-8-8u111-b14/src/hotspot/src/share/vm/prims/jni.cpp, line 709]
Event: 1977.536 Thread 0x00007f811c00a000 Exception <a 'java/io/IOException'> (0x00000000f04ff170) thrown at [/build/openjdk-8-8jAw7G/openjdk-8-8u111-b14/src/hotspot/src/share/vm/prims/jni.cpp, line 709]
Event: 1977.536 Thread 0x00007f811c00a000 Exception <a 'java/io/IOException'> (0x00000000f04ff408) thrown at [/build/openjdk-8-8jAw7G/openjdk-8-8u111-b14/src/hotspot/src/share/vm/prims/jni.cpp, line 709]
Event: 1977.536 Thread 0x00007f811c00a000 Exception <a 'java/io/IOException'> (0x00000000f04ff670) thrown at [/build/openjdk-8-8jAw7G/openjdk-8-8u111-b14/src/hotspot/src/share/vm/prims/jni.cpp, line 709]
Event: 1977.536 Thread 0x00007f811c00a000 Exception <a 'java/io/IOException'> (0x00000000f04ffa10) thrown at [/build/openjdk-8-8jAw7G/openjdk-8-8u111-b14/src/hotspot/src/share/vm/prims/jni.cpp, line 709]
Event: 1977.537 Thread 0x00007f811c00a000 Exception <a 'java/io/IOException'> (0x00000000f04ffca8) thrown at [/build/openjdk-8-8jAw7G/openjdk-8-8u111-b14/src/hotspot/src/share/vm/prims/jni.cpp, line 709]

Events (10 events):
Event: 1345.039 Executing VM operation: ParallelGCFailedAllocation done
Event: 1449.125 Executing VM operation: ParallelGCFailedAllocation
Event: 1469.150 Executing VM operation: ParallelGCFailedAllocation done
Event: 1549.628 Executing VM operation: ParallelGCFailedAllocation
Event: 1570.192 Executing VM operation: ParallelGCFailedAllocation done
Event: 1707.476 Executing VM operation: ParallelGCFailedAllocation
Event: 1725.814 Executing VM operation: ParallelGCFailedAllocation done
Event: 1827.892 Executing VM operation: ParallelGCFailedAllocation
Event: 1866.238 Executing VM operation: ParallelGCFailedAllocation done
Event: 1977.538 Executing VM operation: ParallelGCFailedAllocation


Dynamic libraries:
00400000-00401000 r-xp 00000000 08:01 560672                             /usr/lib/jvm/java-8-openjdk-amd64/jre/bin/java
00600000-00601000 r--p 00000000 08:01 560672                             /usr/lib/jvm/java-8-openjdk-amd64/jre/bin/java
00601000-00602000 rw-p 00001000 08:01 560672                             /usr/lib/jvm/java-8-openjdk-amd64/jre/bin/java
00b65000-00b86000 rw-p 00000000 00:00 0                                  [heap]
80000000-94e00000 rw-p 00000000 00:00 0 
9b500000-d5580000 ---p 00000000 00:00 0 
d5580000-f7580000 rw-p 00000000 00:00 0 
f7580000-100000000 ---p 00000000 00:00 0 
100000000-100080000 rw-p 00000000 00:00 0 
100080000-140000000 ---p 00000000 00:00 0 
7f80dc000000-7f80dc021000 rw-p 00000000 00:00 0 
7f80dc021000-7f80e0000000 ---p 00000000 00:00 0 
7f80e0000000-7f80e0021000 rw-p 00000000 00:00 0 
7f80e0021000-7f80e4000000 ---p 00000000 00:00 0 
7f80e4000000-7f80e4775000 rw-p 00000000 00:00 0 
7f80e4775000-7f80e8000000 ---p 00000000 00:00 0 
7f80ebdfe000-7f80ebdff000 ---p 00000000 00:00 0 
7f80ebdff000-7f80ebeff000 rw-p 00000000 00:00 0 
7f80ebeff000-7f80ebf02000 ---p 00000000 00:00 0 
7f80ebf02000-7f80ec000000 rw-p 00000000 00:00 0 
7f80ec000000-7f80ec021000 rw-p 00000000 00:00 0 
7f80ec021000-7f80f0000000 ---p 00000000 00:00 0 
7f80f0000000-7f80f0506000 rw-p 00000000 00:00 0 
7f80f0506000-7f80f4000000 ---p 00000000 00:00 0 
7f80f4000000-7f80f4021000 rw-p 00000000 00:00 0 
7f80f4021000-7f80f8000000 ---p 00000000 00:00 0 
7f80f8000000-7f80f8021000 rw-p 00000000 00:00 0 
7f80f8021000-7f80fc000000 ---p 00000000 00:00 0 
7f80fc000000-7f80fc021000 rw-p 00000000 00:00 0 
7f80fc021000-7f8100000000 ---p 00000000 00:00 0 
7f8100000000-7f8100021000 rw-p 00000000 00:00 0 
7f8100021000-7f8104000000 ---p 00000000 00:00 0 
7f8104000000-7f8104021000 rw-p 00000000 00:00 0 
7f8104021000-7f8108000000 ---p 00000000 00:00 0 
7f810803b000-7f810803e000 ---p 00000000 00:00 0 
7f810803e000-7f810813c000 rw-p 00000000 00:00 0 
7f810813c000-7f810813f000 ---p 00000000 00:00 0 
7f810813f000-7f810823d000 rw-p 00000000 00:00 0 
7f810823d000-7f8108240000 ---p 00000000 00:00 0 
7f8108240000-7f810833e000 rw-p 00000000 00:00 0 
7f810833e000-7f8108cfd000 r--p 00000000 08:01 533622                     /usr/lib/locale/locale-archive
7f8108cfd000-7f8108d00000 ---p 00000000 00:00 0 
7f8108d00000-7f8108dfe000 rw-p 00000000 00:00 0 
7f8108dfe000-7f8108e01000 ---p 00000000 00:00 0 
7f8108e01000-7f8108eff000 rw-p 00000000 00:00 0 
7f8108eff000-7f8108f00000 ---p 00000000 00:00 0 
7f8108f00000-7f810d000000 rw-p 00000000 00:00 0 
7f810d000000-7f810d270000 rwxp 00000000 00:00 0 
7f810d270000-7f811c000000 ---p 00000000 00:00 0 
7f811c000000-7f811c12a000 rw-p 00000000 00:00 0 
7f811c12a000-7f8120000000 ---p 00000000 00:00 0 
7f8120029000-7f8120044000 r--s 00394000 08:01 530794                     /usr/lib/jvm/java-8-openjdk-amd64/jre/lib/ext/cldrdata.jar
7f8120044000-7f812005f000 r--s 001d5000 08:01 530795                     /usr/lib/jvm/java-8-openjdk-amd64/jre/lib/ext/nashorn.jar
7f812005f000-7f81209f7000 rw-p 00000000 00:00 0 
7f81209f7000-7f8120bc5000 r--s 03bf1000 08:01 530813                     /usr/lib/jvm/java-8-openjdk-amd64/jre/lib/rt.jar
7f8120bc5000-7f812107b000 rw-p 00000000 00:00 0 
7f812107b000-7f812143b000 ---p 00000000 00:00 0 
7f812143b000-7f812183b000 rw-p 00000000 00:00 0 
7f812183b000-7f812183c000 ---p 00000000 00:00 0 
7f812183c000-7f812193c000 rw-p 00000000 00:00 0 
7f812193c000-7f812193d000 ---p 00000000 00:00 0 
7f812193d000-7f8121ae4000 rw-p 00000000 00:00 0 
7f8121ae4000-7f8121ce8000 ---p 00000000 00:00 0 
7f8121ce8000-7f8121d8f000 rw-p 00000000 00:00 0 
7f8121d8f000-7f8121f92000 ---p 00000000 00:00 0 
7f8121f92000-7f81220a3000 rw-p 00000000 00:00 0 
7f81220a3000-7f81220e8000 ---p 00000000 00:00 0 
7f81220e8000-7f81220f3000 rw-p 00000000 00:00 0 
7f81220f3000-7f81224a9000 ---p 00000000 00:00 0 
7f81224a9000-7f81224b1000 r-xp 00000000 08:01 530765                     /usr/lib/jvm/java-8-openjdk-amd64/jre/lib/amd64/libzip.so
7f81224b1000-7f81226b0000 ---p 00008000 08:01 530765                     /usr/lib/jvm/java-8-openjdk-amd64/jre/lib/amd64/libzip.so
7f81226b0000-7f81226b1000 r--p 00007000 08:01 530765                     /usr/lib/jvm/java-8-openjdk-amd64/jre/lib/amd64/libzip.so
7f81226b1000-7f81226b2000 rw-p 00008000 08:01 530765                     /usr/lib/jvm/java-8-openjdk-amd64/jre/lib/amd64/libzip.so
7f81226b2000-7f81226bd000 r-xp 00000000 08:01 922957                     /lib/x86_64-linux-gnu/libnss_files-2.23.so
7f81226bd000-7f81228bc000 ---p 0000b000 08:01 922957                     /lib/x86_64-linux-gnu/libnss_files-2.23.so
7f81228bc000-7f81228bd000 r--p 0000a000 08:01 922957                     /lib/x86_64-linux-gnu/libnss_files-2.23.so
7f81228bd000-7f81228be000 rw-p 0000b000 08:01 922957                     /lib/x86_64-linux-gnu/libnss_files-2.23.so
7f81228be000-7f81228c4000 rw-p 00000000 00:00 0 
7f81228c4000-7f81228cf000 r-xp 00000000 08:01 922967                     /lib/x86_64-linux-gnu/libnss_nis-2.23.so
7f81228cf000-7f8122ace000 ---p 0000b000 08:01 922967                     /lib/x86_64-linux-gnu/libnss_nis-2.23.so
7f8122ace000-7f8122acf000 r--p 0000a000 08:01 922967                     /lib/x86_64-linux-gnu/libnss_nis-2.23.so
7f8122acf000-7f8122ad0000 rw-p 0000b000 08:01 922967                     /lib/x86_64-linux-gnu/libnss_nis-2.23.so
7f8122ad0000-7f8122ae6000 r-xp 00000000 08:01 922951                     /lib/x86_64-linux-gnu/libnsl-2.23.so
7f8122ae6000-7f8122ce5000 ---p 00016000 08:01 922951                     /lib/x86_64-linux-gnu/libnsl-2.23.so
7f8122ce5000-7f8122ce6000 r--p 00015000 08:01 922951                     /lib/x86_64-linux-gnu/libnsl-2.23.so
7f8122ce6000-7f8122ce7000 rw-p 00016000 08:01 922951                     /lib/x86_64-linux-gnu/libnsl-2.23.so
7f8122ce7000-7f8122ce9000 rw-p 00000000 00:00 0 
7f8122ce9000-7f8122cf1000 r-xp 00000000 08:01 922953                     /lib/x86_64-linux-gnu/libnss_compat-2.23.so
7f8122cf1000-7f8122ef0000 ---p 00008000 08:01 922953                     /lib/x86_64-linux-gnu/libnss_compat-2.23.so
7f8122ef0000-7f8122ef1000 r--p 00007000 08:01 922953                     /lib/x86_64-linux-gnu/libnss_compat-2.23.so
7f8122ef1000-7f8122ef2000 rw-p 00008000 08:01 922953                     /lib/x86_64-linux-gnu/libnss_compat-2.23.so
7f8122ef2000-7f8122f1f000 r-xp 00000000 08:01 530750                     /usr/lib/jvm/java-8-openjdk-amd64/jre/lib/amd64/libjava.so
7f8122f1f000-7f812311e000 ---p 0002d000 08:01 530750                     /usr/lib/jvm/java-8-openjdk-amd64/jre/lib/amd64/libjava.so
7f812311e000-7f812311f000 r--p 0002c000 08:01 530750                     /usr/lib/jvm/java-8-openjdk-amd64/jre/lib/amd64/libjava.so
7f812311f000-7f8123121000 rw-p 0002d000 08:01 530750                     /usr/lib/jvm/java-8-openjdk-amd64/jre/lib/amd64/libjava.so
7f8123121000-7f8123130000 r-xp 00000000 08:01 530763                     /usr/lib/jvm/java-8-openjdk-amd64/jre/lib/amd64/libverify.so
7f8123130000-7f812332f000 ---p 0000f000 08:01 530763                     /usr/lib/jvm/java-8-openjdk-amd64/jre/lib/amd64/libverify.so
7f812332f000-7f8123331000 r--p 0000e000 08:01 530763                     /usr/lib/jvm/java-8-openjdk-amd64/jre/lib/amd64/libverify.so
7f8123331000-7f8123332000 rw-p 00010000 08:01 530763                     /usr/lib/jvm/java-8-openjdk-amd64/jre/lib/amd64/libverify.so
7f8123332000-7f8123339000 r-xp 00000000 08:01 923012                     /lib/x86_64-linux-gnu/librt-2.23.so
7f8123339000-7f8123538000 ---p 00007000 08:01 923012                     /lib/x86_64-linux-gnu/librt-2.23.so
7f8123538000-7f8123539000 r--p 00006000 08:01 923012                     /lib/x86_64-linux-gnu/librt-2.23.so
7f8123539000-7f812353a000 rw-p 00007000 08:01 923012                     /lib/x86_64-linux-gnu/librt-2.23.so
7f812353a000-7f8123550000 r-xp 00000000 08:01 922896                     /lib/x86_64-linux-gnu/libgcc_s.so.1
7f8123550000-7f812374f000 ---p 00016000 08:01 922896                     /lib/x86_64-linux-gnu/libgcc_s.so.1
7f812374f000-7f8123750000 rw-p 00015000 08:01 922896                     /lib/x86_64-linux-gnu/libgcc_s.so.1
7f8123750000-7f8123858000 r-xp 00000000 08:01 922928                     /lib/x86_64-linux-gnu/libm-2.23.so
7f8123858000-7f8123a57000 ---p 00108000 08:01 922928                     /lib/x86_64-linux-gnu/libm-2.23.so
7f8123a57000-7f8123a58000 r--p 00107000 08:01 922928                     /lib/x86_64-linux-gnu/libm-2.23.so
7f8123a58000-7f8123a59000 rw-p 00108000 08:01 922928                     /lib/x86_64-linux-gnu/libm-2.23.so
7f8123a59000-7f8123bcb000 r-xp 00000000 08:01 529379                     /usr/lib/x86_64-linux-gnu/libstdc++.so.6.0.21
7f8123bcb000-7f8123dcb000 ---p 00172000 08:01 529379                     /usr/lib/x86_64-linux-gnu/libstdc++.so.6.0.21
7f8123dcb000-7f8123dd5000 r--p 00172000 08:01 529379                     /usr/lib/x86_64-linux-gnu/libstdc++.so.6.0.21
7f8123dd5000-7f8123dd7000 rw-p 0017c000 08:01 529379                     /usr/lib/x86_64-linux-gnu/libstdc++.so.6.0.21
7f8123dd7000-7f8123ddb000 rw-p 00000000 00:00 0 
7f8123ddb000-7f8124a2a000 r-xp 00000000 08:01 530766                     /usr/lib/jvm/java-8-openjdk-amd64/jre/lib/amd64/server/libjvm.so
7f8124a2a000-7f8124c29000 ---p 00c4f000 08:01 530766                     /usr/lib/jvm/java-8-openjdk-amd64/jre/lib/amd64/server/libjvm.so
7f8124c29000-7f8124cbc000 r--p 00c4e000 08:01 530766                     /usr/lib/jvm/java-8-openjdk-amd64/jre/lib/amd64/server/libjvm.so
7f8124cbc000-7f8124ce5000 rw-p 00ce1000 08:01 530766                     /usr/lib/jvm/java-8-openjdk-amd64/jre/lib/amd64/server/libjvm.so
7f8124ce5000-7f8124d15000 rw-p 00000000 00:00 0 
7f8124d15000-7f8124d2d000 r-xp 00000000 08:01 923004                     /lib/x86_64-linux-gnu/libpthread-2.23.so
7f8124d2d000-7f8124f2c000 ---p 00018000 08:01 923004                     /lib/x86_64-linux-gnu/libpthread-2.23.so
7f8124f2c000-7f8124f2d000 r--p 00017000 08:01 923004                     /lib/x86_64-linux-gnu/libpthread-2.23.so
7f8124f2d000-7f8124f2e000 rw-p 00018000 08:01 923004                     /lib/x86_64-linux-gnu/libpthread-2.23.so
7f8124f2e000-7f8124f32000 rw-p 00000000 00:00 0 
7f8124f32000-7f8124f35000 r-xp 00000000 08:01 922882                     /lib/x86_64-linux-gnu/libdl-2.23.so
7f8124f35000-7f8125134000 ---p 00003000 08:01 922882                     /lib/x86_64-linux-gnu/libdl-2.23.so
7f8125134000-7f8125135000 r--p 00002000 08:01 922882                     /lib/x86_64-linux-gnu/libdl-2.23.so
7f8125135000-7f8125136000 rw-p 00003000 08:01 922882                     /lib/x86_64-linux-gnu/libdl-2.23.so
7f8125136000-7f812514f000 r-xp 00000000 08:01 923049                     /lib/x86_64-linux-gnu/libz.so.1.2.8
7f812514f000-7f812534e000 ---p 00019000 08:01 923049                     /lib/x86_64-linux-gnu/libz.so.1.2.8
7f812534e000-7f812534f000 r--p 00018000 08:01 923049                     /lib/x86_64-linux-gnu/libz.so.1.2.8
7f812534f000-7f8125350000 rw-p 00019000 08:01 923049                     /lib/x86_64-linux-gnu/libz.so.1.2.8
7f8125350000-7f8125510000 r-xp 00000000 08:01 922858                     /lib/x86_64-linux-gnu/libc-2.23.so
7f8125510000-7f812570f000 ---p 001c0000 08:01 922858                     /lib/x86_64-linux-gnu/libc-2.23.so
7f812570f000-7f8125713000 r--p 001bf000 08:01 922858                     /lib/x86_64-linux-gnu/libc-2.23.so
7f8125713000-7f8125715000 rw-p 001c3000 08:01 922858                     /lib/x86_64-linux-gnu/libc-2.23.so
7f8125715000-7f8125719000 rw-p 00000000 00:00 0 
7f8125719000-7f8125726000 r-xp 00000000 08:01 530753                     /usr/lib/jvm/java-8-openjdk-amd64/jre/lib/amd64/jli/libjli.so
7f8125726000-7f8125926000 ---p 0000d000 08:01 530753                     /usr/lib/jvm/java-8-openjdk-amd64/jre/lib/amd64/jli/libjli.so
7f8125926000-7f8125927000 r--p 0000d000 08:01 530753                     /usr/lib/jvm/java-8-openjdk-amd64/jre/lib/amd64/jli/libjli.so
7f8125927000-7f8125928000 rw-p 0000e000 08:01 530753                     /usr/lib/jvm/java-8-openjdk-amd64/jre/lib/amd64/jli/libjli.so
7f8125928000-7f812594e000 r-xp 00000000 08:01 922830                     /lib/x86_64-linux-gnu/ld-2.23.so
7f8125951000-7f8125954000 r--s 0000f000 08:01 530802                     /usr/lib/jvm/java-8-openjdk-amd64/jre/lib/ext/icedtea-sound.jar
7f8125954000-7f8125959000 r--s 0003b000 08:01 530796                     /usr/lib/jvm/java-8-openjdk-amd64/jre/lib/ext/sunjce_provider.jar
7f8125959000-7f8125963000 r--s 00116000 08:01 530800                     /usr/lib/jvm/java-8-openjdk-amd64/jre/lib/ext/localedata.jar
7f8125963000-7f8125a2f000 rw-p 00000000 00:00 0 
7f8125a2f000-7f8125a32000 ---p 00000000 00:00 0 
7f8125a32000-7f8125b35000 rw-p 00000000 00:00 0 
7f8125b37000-7f8125b38000 r--s 00010000 08:01 530801                     /usr/lib/jvm/java-8-openjdk-amd64/jre/lib/ext/zipfs.jar
7f8125b38000-7f8125b3c000 r--s 00037000 08:01 530797                     /usr/lib/jvm/java-8-openjdk-amd64/jre/lib/ext/sunpkcs11.jar
7f8125b3c000-7f8125b3d000 r--s 0000a000 08:01 530798                     /usr/lib/jvm/java-8-openjdk-amd64/jre/lib/ext/jaccess.jar
7f8125b3d000-7f8125b3f000 r--s 00008000 08:01 530799                     /usr/lib/jvm/java-8-openjdk-amd64/jre/lib/ext/sunec.jar
7f8125b3f000-7f8125b41000 r--s 00001000 08:01 530803                     /usr/lib/jvm/java-8-openjdk-amd64/jre/lib/ext/dnsns.jar
7f8125b41000-7f8125b49000 rw-s 00000000 08:01 949360                     /tmp/hsperfdata_leopik/6241
7f8125b49000-7f8125b4a000 rw-p 00000000 00:00 0 
7f8125b4a000-7f8125b4b000 ---p 00000000 00:00 0 
7f8125b4b000-7f8125b4d000 rw-p 00000000 00:00 0 
7f8125b4d000-7f8125b4e000 r--p 00025000 08:01 922830                     /lib/x86_64-linux-gnu/ld-2.23.so
7f8125b4e000-7f8125b4f000 rw-p 00026000 08:01 922830                     /lib/x86_64-linux-gnu/ld-2.23.so
7f8125b4f000-7f8125b50000 rw-p 00000000 00:00 0 
7ffe6008c000-7ffe600ad000 rw-p 00000000 00:00 0                          [stack]
7ffe60191000-7ffe60193000 r--p 00000000 00:00 0                          [vvar]
7ffe60193000-7ffe60195000 r-xp 00000000 00:00 0                          [vdso]
ffffffffff600000-ffffffffff601000 r-xp 00000000 00:00 0                  [vsyscall]

VM Arguments:
jvm_args: -Xmx2g 
java_command: searchclient.SearchClient -astar
java_class_path (initial): build/classes
Launcher Type: SUN_STANDARD

Environment Variables:
PATH=/usr/local/sbin:/usr/local/bin:/usr/sbin:/usr/bin:/sbin:/bin:/usr/games:/usr/local/games:/snap/bin
SHELL=/bin/bash
DISPLAY=:0

Signal Handlers:
SIGSEGV: [libjvm.so+0xa65880], sa_mask[0]=11111111011111111101111111111110, sa_flags=SA_RESTART|SA_SIGINFO
SIGBUS: [libjvm.so+0xa65880], sa_mask[0]=11111111011111111101111111111110, sa_flags=SA_RESTART|SA_SIGINFO
SIGFPE: [libjvm.so+0x8af1c0], sa_mask[0]=11111111011111111101111111111110, sa_flags=SA_RESTART|SA_SIGINFO
SIGPIPE: [libjvm.so+0x8af1c0], sa_mask[0]=11111111011111111101111111111110, sa_flags=SA_RESTART|SA_SIGINFO
SIGXFSZ: [libjvm.so+0x8af1c0], sa_mask[0]=11111111011111111101111111111110, sa_flags=SA_RESTART|SA_SIGINFO
SIGILL: [libjvm.so+0x8af1c0], sa_mask[0]=11111111011111111101111111111110, sa_flags=SA_RESTART|SA_SIGINFO
SIGUSR1: SIG_DFL, sa_mask[0]=00000000000000000000000000000000, sa_flags=none
SIGUSR2: [libjvm.so+0x8af070], sa_mask[0]=00100000000000000000000000000000, sa_flags=SA_RESTART|SA_SIGINFO
SIGHUP: [libjvm.so+0x8af540], sa_mask[0]=11111111011111111101111111111110, sa_flags=SA_RESTART|SA_SIGINFO
SIGINT: [libjvm.so+0x8af540], sa_mask[0]=11111111011111111101111111111110, sa_flags=SA_RESTART|SA_SIGINFO
SIGTERM: [libjvm.so+0x8af540], sa_mask[0]=11111111011111111101111111111110, sa_flags=SA_RESTART|SA_SIGINFO
SIGQUIT: [libjvm.so+0x8af540], sa_mask[0]=11111111011111111101111111111110, sa_flags=SA_RESTART|SA_SIGINFO


---------------  S Y S T E M  ---------------

OS:DISTRIB_ID=Ubuntu
DISTRIB_RELEASE=16.04
DISTRIB_CODENAME=xenial
DISTRIB_DESCRIPTION="Ubuntu 16.04.1 LTS"

uname:Linux 4.4.0-47-generic #68-Ubuntu SMP Wed Oct 26 19:39:52 UTC 2016 x86_64
libc:glibc 2.23 NPTL 2.23 
rlimit: STACK 8192k, CORE 0k, NPROC 15649, NOFILE 65536, AS infinity
load average:8.17 7.90 7.40

/proc/meminfo:
MemTotal:        4046604 kB
MemFree:           94460 kB
MemAvailable:        932 kB
Buffers:             596 kB
Cached:            23476 kB
SwapCached:        56492 kB
Active:          3026792 kB
Inactive:         795252 kB
Active(anon):    3024696 kB
Inactive(anon):   773384 kB
Active(file):       2096 kB
Inactive(file):    21868 kB
Unevictable:          32 kB
Mlocked:              32 kB
SwapTotal:       4191228 kB
SwapFree:           1140 kB
Dirty:                56 kB
Writeback:             8 kB
AnonPages:       3741856 kB
Mapped:            17268 kB
Shmem:                 8 kB
Slab:              49820 kB
SReclaimable:      26292 kB
SUnreclaim:        23528 kB
KernelStack:        8784 kB
PageTables:        43556 kB
NFS_Unstable:          0 kB
Bounce:                0 kB
WritebackTmp:          0 kB
CommitLimit:     6214528 kB
Committed_AS:   11902268 kB
VmallocTotal:   34359738367 kB
VmallocUsed:           0 kB
VmallocChunk:          0 kB
HardwareCorrupted:     0 kB
AnonHugePages:    843776 kB
CmaTotal:              0 kB
CmaFree:               0 kB
HugePages_Total:       0
HugePages_Free:        0
HugePages_Rsvd:        0
HugePages_Surp:        0
Hugepagesize:       2048 kB
DirectMap4k:      106432 kB
DirectMap2M:     4087808 kB


CPU:total 2 (2 cores per cpu, 1 threads per core) family 6 model 58 stepping 9, cmov, cx8, fxsr, mmx, sse, sse2, sse3, ssse3, sse4.1, sse4.2, popcnt, avx, aes, clmul, tsc, tscinvbit, tscinv

/proc/cpuinfo:
processor	: 0
vendor_id	: GenuineIntel
cpu family	: 6
model		: 58
model name	: Intel(R) Core(TM) i5-3317U CPU @ 1.70GHz
stepping	: 9
microcode	: 0x19
cpu MHz		: 1696.150
cache size	: 3072 KB
physical id	: 0
siblings	: 2
core id		: 0
cpu cores	: 2
apicid		: 0
initial apicid	: 0
fpu		: yes
fpu_exception	: yes
cpuid level	: 13
wp		: yes
flags		: fpu vme de pse tsc msr pae mce cx8 apic sep mtrr pge mca cmov pat pse36 clflush mmx fxsr sse sse2 ht syscall nx rdtscp lm constant_tsc rep_good nopl xtopology nonstop_tsc pni pclmulqdq ssse3 cx16 sse4_1 sse4_2 x2apic popcnt aes xsave avx rdrand hypervisor lahf_lm
bugs		:
bogomips	: 3392.30
clflush size	: 64
cache_alignment	: 64
address sizes	: 36 bits physical, 48 bits virtual
power management:

processor	: 1
vendor_id	: GenuineIntel
cpu family	: 6
model		: 58
model name	: Intel(R) Core(TM) i5-3317U CPU @ 1.70GHz
stepping	: 9
microcode	: 0x19
cpu MHz		: 1696.150
cache size	: 3072 KB
physical id	: 0
siblings	: 2
core id		: 1
cpu cores	: 2
apicid		: 1
initial apicid	: 1
fpu		: yes
fpu_exception	: yes
cpuid level	: 13
wp		: yes
flags		: fpu vme de pse tsc msr pae mce cx8 apic sep mtrr pge mca cmov pat pse36 clflush mmx fxsr sse sse2 ht syscall nx rdtscp lm constant_tsc rep_good nopl xtopology nonstop_tsc pni pclmulqdq ssse3 cx16 sse4_1 sse4_2 x2apic popcnt aes xsave avx rdrand hypervisor lahf_lm
bugs		:
bogomips	: 3392.30
clflush size	: 64
cache_alignment	: 64
address sizes	: 36 bits physical, 48 bits virtual
power management:



Memory: 4k page, physical 4046604k(94460k free), swap 4191228k(1144k free)

vm_info: OpenJDK 64-Bit Server VM (25.111-b14) for linux-amd64 JRE (1.8.0_111-8u111-b14-2ubuntu0.16.04.2-b14), built on Oct 27 2016 18:10:19 by "buildd" with gcc 5.4.0 20160609

time: Sat Apr 29 13:36:27 2017
elapsed time: 2064 seconds (0d 0h 34m 24s)

