red: 0,A,E
green: 1,B
cyan: 2,C,D
+++++++++++++++++++++++++++++++++
+0    +               1         +
+ + + +++++++++++++++++++ + + + +
+ a B +         c   +   b     A +
+ + + + +++++++++++++++++ + + + +
+             2C                +
+++ +++++++++++++++++++++++++ +++
+++             Dd            +++
+++ +++++++++++++++++++++++++ +++
+++             eE            +++
+++ +++++++++++++++++++++++++ +++
+++             Bb            +++
+++ +++++++++++++++++++++++++ +++
+++             Bb            +++
+++ +++++++++++++++++++++++++ +++
+++             Bb            +++
+++++++++++++++++++++++++++++++++

[Move(E), Move(E), Pull(W,E)];1218
[Move(E), Move(E), Pull(W,E)];1
[Move(E), Move(E), Pull(W,E)];3
[Move(E), Move(S), Pull(W,E)];1
[Move(S), Move(S), Pull(W,E)];1
[Move(S), Move(S), Pull(W,E)];1
[Move(S), Move(S), Pull(W,E)];2
[Move(S), Move(E), Pull(W,E)];2
[Move(W), Move(E), Push(E,N)];1
[Move(W), Move(E), Push(N,N)];1
[Move(S), Move(E), Push(N,E)];1
[Move(S), Move(S), Push(E,E)];1
[Move(S), Move(S), Push(E,E)];1
[Move(S), Move(S), Push(E,E)];2
[Move(E), Move(S), Push(E,E)];1
[Move(E), Move(S), Push(E,E)];1
[Move(E), Move(S), Push(E,E)];1
[Move(E), Move(W), Push(E,E)];2
[Move(E), Move(W), Push(E,E)];19
328dd3d80fc500db0cccdbf10bf522e688f35675
unsuccessful
1260
19
5c32659efffe04fcc18050576fa7fe22b170e276
1494939597683
