+++++++++++
+AIO     0+
+LIM      +
+ASH      +
+         +
+BBBB BBBB+
+BBBB BBBB+
+++++ +++++
++aaaaaaa++
+++abbbb+++
++++bbb++++
+++++b+++++
+++++ +++++
+         +
+AAAA AAAA+
+AAAA AAAA+
+++++ +++++
++aaaaaaa++
+++abbbb+++
++++bbb++++
+++++b+++++
+++++ +++++
+         +
+AAAA AAAA+
+AAAA AAAA+
+++++ +++++
++aaaaaaa++
+++abbbb+++
++++bbb++++
+++++b+++++
+++++ +++++
+         +
+BBBB BBBB+
+BBBB BBBB+
+++++ +++++
++aaaaaaa++
+++abbbb+++
++++bbb++++
+++++b+++++
+++++ +++++
+aiolimash+
+++++++++++

[Move(W)];360
[Move(W)];1
[Move(W)];1
[Move(W)];1
[Move(W)];1
[Move(S)];1
[Pull(S,W)];2
[Push(W,S)];150
[Push(S,E)];2
[Push(E,E)];1
[Push(E,S)];3
[Push(S,S)];1
[Push(S,S)];2
[Push(S,S)];2
[Push(S,S)];1
[Push(S,S)];1
[Push(S,S)];1
[Push(S,S)];1
[Push(S,S)];1
[Push(S,S)];1
[Push(S,S)];0
[Push(S,S)];1
[Push(S,S)];2
[Push(S,S)];1
[Push(S,S)];2
[Push(S,S)];1
[Push(S,S)];2
[Push(S,S)];1
[Push(S,S)];1
[Push(S,S)];1
[Push(S,S)];1
[Push(S,S)];0
[Push(S,S)];1
[Push(S,S)];1
[Push(S,S)];0
[Push(S,S)];0
[Push(S,S)];1
[Push(S,S)];1
[Push(S,S)];0
[Push(S,S)];1
[Push(S,S)];1
[Push(S,S)];1
[Push(S,S)];1
[Push(S,S)];0
[Push(S,S)];1
[Push(S,S)];1
[Push(S,E)];1
[Push(E,E)];1
[Push(E,E)];2
[Push(E,E)];1
[Move(W)];82
[Move(W)];1
[Move(W)];1
[Move(N)];1
[Move(N)];1
[Move(N)];0
[Move(N)];8
[Move(N)];1
[Move(N)];1
[Move(N)];2
[Move(N)];1
[Move(N)];0
[Move(N)];0
[Move(N)];1
[Move(N)];1
[Move(N)];1
[Move(N)];1
[Move(N)];0
[Move(N)];0
[Move(N)];1
[Move(N)];0
[Move(N)];0
[Move(N)];0
[Move(N)];1
[Move(N)];1
[Move(N)];1
[Move(N)];1
[Move(N)];0
[Move(N)];0
[Move(N)];0
[Move(N)];0
[Move(N)];0
[Move(N)];0
[Move(N)];0
[Move(N)];0
[Move(N)];1
[Move(N)];1
[Move(N)];2
[Move(N)];5
[Move(W)];1
[Move(W)];7
[Move(N)];0
[Push(W,S)];117
[Push(S,E)];0
[Push(E,E)];4
[Push(E,E)];2
[Push(E,S)];0
[Push(S,S)];0
[Push(S,S)];0
[Push(S,S)];0
[Push(S,S)];0
[Push(S,S)];1
[Push(S,S)];1
[Push(S,S)];1
[Push(S,S)];5
[Push(S,S)];1
[Push(S,S)];1
[Push(S,S)];1
[Push(S,S)];1
[Push(S,S)];0
[Push(S,S)];1
[Push(S,S)];0
[Push(S,S)];0
[Push(S,S)];0
[Push(S,S)];0
[Push(S,S)];0
[Push(S,S)];1
[Push(S,S)];4
[Push(S,S)];0
[Push(S,S)];6
[Push(S,S)];1
[Push(S,S)];2
[Push(S,S)];3
[Push(S,S)];2
[Push(S,S)];0
[Push(S,S)];0
[Push(S,S)];0
[Push(S,S)];1
[Push(S,S)];1
[Push(S,S)];4
[Push(S,S)];0
[Push(S,S)];1
[Push(S,E)];1
[Push(E,E)];0
[Push(E,E)];0
[Move(W)];53
[Move(W)];0
[Move(N)];1
[Move(N)];0
[Move(N)];1
[Move(N)];0
[Move(N)];0
[Move(N)];1
[Move(N)];2
[Move(N)];1
[Move(N)];1
[Move(N)];3
[Move(N)];0
[Move(N)];0
[Move(N)];0
[Move(N)];0
[Move(N)];0
[Move(N)];1
[Move(N)];0
[Move(N)];0
[Move(N)];0
[Move(N)];0
[Move(N)];5
[Move(N)];0
[Move(N)];2
[Move(N)];0
[Move(N)];0
[Move(N)];1
[Move(N)];0
[Move(N)];1
[Move(N)];0
[Move(N)];0
[Move(N)];1
[Move(N)];3
[Move(N)];2
[Move(N)];1
[Move(N)];2
[Move(N)];0
[Move(N)];2
[Move(N)];1
[Move(N)];0
[Move(W)];0
[Push(W,S)];63
[Push(S,S)];0
[Push(S,S)];1
[Push(S,E)];0
[Push(E,E)];0
[Push(E,S)];1
[Push(S,S)];1
[Push(S,S)];1
[Push(S,S)];1
[Push(S,S)];0
[Push(S,S)];1
[Push(S,S)];1
[Push(S,S)];1
[Push(S,S)];0
[Push(S,S)];0
[Push(S,S)];0
[Push(S,S)];0
[Push(S,S)];1
[Push(S,S)];0
[Push(S,S)];0
[Push(S,S)];0
[Push(S,S)];0
[Push(S,S)];1
[Push(S,S)];1
[Push(S,S)];1
[Push(S,S)];0
[Push(S,S)];0
[Push(S,S)];1
[Push(S,S)];0
[Push(S,S)];0
[Push(S,S)];0
[Push(S,S)];1
[Push(S,S)];1
[Push(S,S)];1
[Push(S,S)];1
[Push(S,S)];3
[Push(S,S)];0
[Push(S,S)];2
[Push(S,S)];1
[Push(S,S)];1
[Push(S,S)];4
[Push(S,W)];0
[Push(W,W)];0
[Move(E)];79
[Move(N)];0
[Move(N)];0
[Move(N)];0
[Move(N)];0
[Move(N)];0
[Move(N)];1
[Move(N)];0
[Move(N)];0
[Move(N)];1
[Move(N)];0
[Move(N)];0
[Move(N)];0
[Move(N)];1
[Move(N)];0
[Move(N)];0
[Move(N)];1
[Move(N)];0
[Move(N)];1
[Move(N)];0
[Move(N)];1
[Move(N)];0
[Move(N)];1
[Move(N)];0
[Move(N)];1
[Move(N)];1
[Move(N)];0
[Move(N)];1
[Move(N)];1
[Move(N)];0
[Move(N)];4
[Move(N)];0
[Move(N)];1
[Move(N)];1
[Move(N)];1
[Move(N)];1
[Push(E,N)];1
[Push(E,N)];0
[Pull(W,S)];11
[Pull(W,E)];1
[Pull(N,E)];0
[Push(S,S)];1
[Push(S,S)];0
[Push(S,S)];0
[Push(S,S)];0
cbb0d7f66f94775b6185a6692b47fdca24a5cb1e
unsuccessful
1138
265
1073199fe32c429b2954811e9ee9ffb814e8c206
1494941701460
