++++++++++++++++++++++++++
+0                     aA+
++++++++++  ++++++++++ +++
+           +C  dc   + +b+
+        +  +        + + +
+        +  +        + + +
+        +  +        + + +
+E       +  +        + + +
+        +  +        + + +
+        +  +       D+ + +
+B       +  +        + + +
+        +  +        + + +
+        +  +          + +
+                   ++++ +
+        +          +  + +
+                   +  + +
+        +  + + + + ++++ +
+e      E+              B+
++++++++++++++++++++++++++

[Move(E)];372
[Move(E)];1
[Move(E)];0
[Move(E)];1
[Move(E)];0
[Move(E)];1
[Move(E)];0
[Move(E)];0
[Move(E)];0
[Move(S)];1
[Move(S)];0
[Move(W)];0
[Move(W)];0
[Move(W)];0
[Move(S)];0
[Move(S)];1
[Move(W)];0
[Move(W)];1
[Move(S)];0
[Move(S)];1
[Move(W)];0
[Move(S)];1
[Move(W)];0
[Move(W)];0
[Move(S)];0
[Move(W)];1
15046307ed13b5b88949794d78643a3252ae9096
unsuccessful
381
26
06ac8c8e2852f7c687ebd1b06ecf1b138e37881b
1494942301979
