++++++
+++w++
++bc++
+edih+
+++KL+++++++++++++++++++++++++++++++++++++++
+0                                   WWuzx++
+      B   H ++    +  +++ +          WWvty++
+  IJ   C  ++D         +++E          +++++++
+U       ++       ++++++++++++++++++++++++++
+Z+    ++         kwwlj    w     VTY++++++++
+X+   ++          ++++++++++++++++++++++++++
++++++++++++++++++++++++++++++++++++++++++++

[Move(E)];311
[Move(S)];0
[Move(E)];1
[Move(E)];0
[Push(S,E)];120
[Push(E,E)];0
[Push(E,N)];0
[Push(N,N)];0
[Push(N,E)];1
[Push(E,E)];1
[Push(E,E)];0
[Push(E,E)];0
[Push(E,E)];1
[Push(E,E)];1
[Push(E,E)];1
[Push(E,E)];0
[Push(E,E)];0
[Push(E,E)];0
[Push(E,E)];1
[Push(E,E)];1
[Push(E,S)];1
[Push(S,S)];0
[Push(S,W)];0
[Push(W,S)];1
[Push(S,S)];1
[Push(S,E)];0
[Push(E,E)];0
[Push(E,E)];0
[Push(E,E)];0
[Push(E,E)];0
[Move(W)];41
[Move(W)];0
[Move(W)];0
[Move(W)];1
[Move(W)];0
[Move(W)];1
[Move(W)];1
[Move(N)];0
[Move(N)];0
[Move(E)];1
[Move(N)];0
[Move(N)];1
[Move(W)];1
[Move(W)];1
[Move(W)];0
[Move(W)];1
[Move(W)];4
[Move(W)];1
[Move(W)];0
[Move(W)];1
[Move(W)];0
[Move(W)];1
[Move(W)];0
[Pull(S,N)];79
[Push(N,E)];0
[Push(E,E)];0
[Push(E,E)];1
[Push(E,E)];1
[Push(E,E)];2
[Push(E,E)];2
[Push(E,E)];1
[Push(E,E)];1
[Push(E,E)];0
[Push(E,E)];2
[Push(E,E)];1
[Push(E,E)];0
[Push(E,E)];1
[Push(E,E)];0
[Push(E,S)];0
[Push(S,S)];1
[Push(S,W)];2
[Push(W,S)];1
[Push(S,S)];0
[Push(S,E)];0
[Push(E,E)];1
[Push(E,E)];1
[Push(E,E)];0
9f25bf5f6d3c7693dc42d8158e89dbbdfa965651
unsuccessful
595
77
c6d1aaa69dcf142a15dfcc2431b2a8e46d3cee67
1494942723616
