++++++++++++++++++++++++++++++++
+k0            W              c+
+                              +
+              E               +
+  ++++++++++++++++++++++++++  +
+  +           R            +  +
+o +                        + r+
+  +           O            +  +
+                              +
+  +           C            +  +
+  +                        +  +
+e ++++++++++++K+++++++++++++ w+
+                              +
++++++++++++++++++++++++++++++++

[Move(E)];424
[Move(E)];0
[Move(E)];1
[Move(E)];0
[Move(E)];1
[Move(S)];0
[Move(S)];1
[Move(W)];0
[Move(W)];0
[Move(W)];0
[Move(W)];1
[Move(W)];0
[Move(S)];0
[Move(S)];0
[Move(S)];0
[Move(S)];0
[Move(S)];0
[Move(E)];0
[Move(E)];0
[Move(E)];1
[Move(E)];0
[Move(E)];1
[Move(E)];0
[Move(E)];1
[Move(E)];0
[Move(E)];1
[Move(E)];0
[Move(E)];0
[Move(E)];1
[Move(S)];0
[Push(E,E)];419
[Push(E,E)];1
[Push(E,E)];2
[Push(E,E)];0
[Push(E,E)];0
[Push(E,E)];0
[Push(E,E)];1
[Push(E,N)];1
[Push(N,E)];0
[Push(E,E)];0
[Push(E,N)];1
[Push(N,E)];0
[Push(E,N)];2
[Push(N,E)];1
[Push(E,E)];0
[Push(E,S)];3
[Push(S,S)];0
[Push(S,E)];0
[Push(E,E)];5
[Push(E,N)];1
[Push(N,N)];0
[Push(N,N)];6
[Push(N,N)];0
[Push(N,N)];3
[Push(N,N)];2
[Push(N,E)];1
[Push(E,N)];0
[Move(W)];12
[Move(W)];2
[Move(W)];0
[Move(W)];0
[Move(W)];1
[Move(W)];3
[Move(W)];5
[Move(W)];3
[Move(W)];0
[Move(W)];0
[Move(W)];0
[Move(W)];0
[Move(W)];1
[Move(W)];0
[Move(W)];0
[Push(N,E)];31
[Push(E,E)];0
[Push(E,E)];0
[Push(E,E)];1
[Push(E,E)];0
[Push(E,S)];0
[Push(S,E)];0
[Push(E,S)];2
[Push(S,E)];1
[Push(E,E)];1
[Push(E,E)];0
[Push(E,E)];1
[Push(E,E)];0
[Push(E,E)];1
[Push(E,E)];0
[Push(E,E)];1
[Push(E,S)];0
[Push(S,S)];1
[Push(S,S)];0
[Push(S,S)];1
[Push(S,S)];0
[Push(S,S)];1
[Push(S,S)];0
[Push(S,S)];1
[Push(S,E)];0
[Move(N)];84
[Move(N)];1
[Move(N)];0
[Move(W)];0
[Move(W)];0
[Move(W)];0
[Move(W)];0
[Move(W)];0
[Move(W)];1
[Move(W)];0
[Move(W)];0
[Move(W)];1
[Move(W)];0
[Move(W)];0
[Move(W)];1
[Move(W)];0
[Move(W)];0
[Push(N,W)];22
[Push(W,W)];0
[Push(W,W)];1
[Push(W,W)];0
[Push(W,W)];1
[Push(W,W)];0
[Push(W,W)];0
[Push(W,W)];1
[Push(W,W)];0
[Push(W,W)];1
[Push(W,W)];0
[Push(W,N)];1
[Pull(S,N)];1
[Pull(W,N)];0
[Pull(W,E)];8
[Pull(W,E)];1
[Push(E,N)];1
[Push(N,W)];1
[Push(W,N)];1
[Move(E)];29
[Move(S)];1
[Move(E)];49
[Move(E)];1
[Move(E)];0
[Move(E)];2
[Move(E)];0
[Move(E)];1
[Move(E)];0
[Move(E)];0
[Move(E)];1
[Move(E)];0
[Move(E)];0
[Move(S)];0
[Move(S)];1
[Move(E)];0
[Move(E)];1
[Pull(N,S)];41
[Push(S,W)];1
[Push(W,W)];3
[Push(W,W)];0
[Push(W,W)];1
[Push(W,W)];0
[Push(W,N)];0
[Push(N,W)];1
[Push(W,W)];0
[Push(W,N)];1
[Push(N,N)];0
[Push(N,W)];3
[Push(W,N)];1
[Push(N,W)];9
[Push(W,W)];0
[Push(W,W)];1
[Push(W,N)];0
[Pull(S,N)];1
[Pull(S,N)];0
[Pull(E,N)];1
[Push(W,W)];0
[Push(W,W)];1
[Push(W,N)];0
[Push(N,N)];0
[Push(N,N)];1
[Push(N,N)];0
[Push(N,N)];1
[Push(N,N)];0
[Push(N,W)];1
[Push(W,N)];0
[Move(E)];396
[Move(E)];1
[Move(E)];0
[Move(E)];0
[Move(E)];0
[Move(E)];0
[Move(E)];0
[Move(E)];0
[Move(E)];0
[Move(E)];0
[Move(E)];1
[Move(S)];0
[Move(E)];0
[Move(E)];0
[Push(E,E)];0
[Push(E,N)];0
[Move(W)];0
[Move(W)];0
[Move(W)];1
[Move(W)];0
[Move(W)];0
[Move(W)];1
[Move(W)];0
[Move(W)];0
[Move(W)];4
[Move(W)];1
[Move(W)];0
[Move(W)];0
[Move(W)];1
[Move(W)];0
[Move(S)];0
[Move(S)];0
[Move(S)];0
[Move(S)];1
[Move(S)];0
[Move(E)];0
[Move(E)];1
[Move(E)];0
[Move(E)];0
[Move(E)];1
[Move(E)];0
[Move(E)];0
[Move(E)];0
[Move(E)];0
[Move(E)];1
[Move(E)];0
[Move(N)];0
[Move(N)];0
[Move(E)];0
[Move(N)];0
[Push(E,E)];8
[Push(E,E)];0
[Push(E,E)];0
[Push(E,E)];0
[Push(E,E)];0
[Push(E,E)];0
[Push(E,E)];0
[Push(E,E)];0
[Push(E,E)];0
[Push(E,E)];0
[Push(E,E)];1
[Push(E,E)];0
[Push(E,S)];0
[Push(S,S)];0
[Push(S,S)];0
[Push(S,E)];0
[Push(E,E)];0
[Push(E,N)];1
[Push(N,N)];0
[Push(N,E)];0
[Move(N)];5
[Move(N)];1
[Move(N)];0
[Move(W)];0
[Move(W)];1
[Move(W)];0
[Move(W)];0
[Move(W)];0
[Move(W)];1
[Move(W)];0
[Move(W)];0
[Move(W)];1
[Move(W)];1
[Move(W)];0
[Move(W)];0
[Move(W)];0
[Push(N,W)];15
[Push(W,W)];0
[Push(W,W)];1
[Push(W,W)];0
[Push(W,W)];0
[Push(W,W)];0
[Push(W,W)];0
[Push(W,S)];1
[Push(S,W)];0
[Push(W,W)];0
[Push(W,W)];1
[Push(W,W)];0
[Push(W,W)];0
[Push(W,W)];0
[Push(W,W)];0
[Push(W,S)];0
[Push(S,S)];0
[Push(S,S)];1
[Push(S,S)];0
[Push(S,S)];0
[Push(S,S)];0
[Push(S,S)];0
[Push(S,S)];0
[Push(S,W)];0
1ecfc96706de7da18ed094747f211732ca5704d1
successful
1683
290
d4b1aa69c52d8ee91f8d14f821371e04aaed0d11
1494942726812
